mode: set
github.com/donnigundala/dg-core/container/container.go:39.41,44.2 1 1
github.com/donnigundala/dg-core/container/container.go:47.64,55.2 3 1
github.com/donnigundala/dg-core/container/container.go:58.69,66.2 3 1
github.com/donnigundala/dg-core/container/container.go:69.68,74.2 3 1
github.com/donnigundala/dg-core/container/container.go:77.63,79.42 2 1
github.com/donnigundala/dg-core/container/container.go:79.42,82.3 2 1
github.com/donnigundala/dg-core/container/container.go:83.2,89.42 4 1
github.com/donnigundala/dg-core/container/container.go:89.42,91.3 1 0
github.com/donnigundala/dg-core/container/container.go:93.2,94.9 2 1
github.com/donnigundala/dg-core/container/container.go:94.9,96.3 1 1
github.com/donnigundala/dg-core/container/container.go:98.2,99.40 2 1
github.com/donnigundala/dg-core/container/container.go:99.40,104.38 2 1
github.com/donnigundala/dg-core/container/container.go:104.38,108.4 1 0
github.com/donnigundala/dg-core/container/container.go:110.3,111.24 2 1
github.com/donnigundala/dg-core/container/container.go:111.24,113.4 1 0
github.com/donnigundala/dg-core/container/container.go:114.3,116.21 2 1
github.com/donnigundala/dg-core/container/container.go:116.21,118.4 1 1
github.com/donnigundala/dg-core/container/container.go:119.3,119.23 1 1
github.com/donnigundala/dg-core/container/container.go:123.2,123.30 1 0
github.com/donnigundala/dg-core/container/container.go:127.33,133.2 4 1
