mode: set
github.com/donnigundala/dg-core/errors/errors.go:20.33,27.2 1 1
github.com/donnigundala/dg-core/errors/errors.go:30.45,31.16 1 1
github.com/donnigundala/dg-core/errors/errors.go:31.16,33.3 1 1
github.com/donnigundala/dg-core/errors/errors.go:35.2,40.3 1 1
github.com/donnigundala/dg-core/errors/errors.go:44.66,45.16 1 1
github.com/donnigundala/dg-core/errors/errors.go:45.16,47.3 1 1
github.com/donnigundala/dg-core/errors/errors.go:49.2,55.3 2 1
github.com/donnigundala/dg-core/errors/errors.go:59.46,62.2 2 1
github.com/donnigundala/dg-core/errors/errors.go:65.47,68.2 2 1
github.com/donnigundala/dg-core/errors/errors.go:71.65,74.2 2 1
github.com/donnigundala/dg-core/errors/errors.go:77.66,78.27 1 1
github.com/donnigundala/dg-core/errors/errors.go:78.27,80.3 1 1
github.com/donnigundala/dg-core/errors/errors.go:81.2,81.10 1 1
github.com/donnigundala/dg-core/errors/errors.go:85.32,86.18 1 1
github.com/donnigundala/dg-core/errors/errors.go:86.18,88.3 1 1
github.com/donnigundala/dg-core/errors/errors.go:89.2,89.18 1 0
github.com/donnigundala/dg-core/errors/errors.go:93.32,95.2 1 1
github.com/donnigundala/dg-core/errors/errors.go:98.31,100.2 1 1
github.com/donnigundala/dg-core/errors/errors.go:103.34,105.2 1 1
github.com/donnigundala/dg-core/errors/errors.go:108.49,110.2 1 1
github.com/donnigundala/dg-core/errors/errors.go:113.34,115.2 1 1
github.com/donnigundala/dg-core/errors/errors.go:118.37,123.39 2 1
github.com/donnigundala/dg-core/errors/errors.go:123.39,125.3 1 1
github.com/donnigundala/dg-core/errors/errors.go:126.2,126.11 1 0
github.com/donnigundala/dg-core/errors/errors.go:130.33,132.2 1 1
github.com/donnigundala/dg-core/errors/errors.go:135.45,137.2 1 1
github.com/donnigundala/dg-core/errors/errors.go:140.29,142.2 1 1
github.com/donnigundala/dg-core/errors/http.go:16.47,17.16 1 1
github.com/donnigundala/dg-core/errors/http.go:17.16,19.3 1 1
github.com/donnigundala/dg-core/errors/http.go:22.2,22.31 1 1
github.com/donnigundala/dg-core/errors/http.go:22.31,28.3 1 1
github.com/donnigundala/dg-core/errors/http.go:31.2,34.3 1 1
github.com/donnigundala/dg-core/errors/http.go:38.55,44.2 4 1
github.com/donnigundala/dg-core/errors/http.go:47.41,48.31 1 1
github.com/donnigundala/dg-core/errors/http.go:48.31,50.3 1 1
github.com/donnigundala/dg-core/errors/http.go:51.2,51.39 1 1
github.com/donnigundala/dg-core/errors/reporter.go:19.37,21.2 1 0
github.com/donnigundala/dg-core/errors/reporter.go:24.29,26.2 1 0
github.com/donnigundala/dg-core/errors/reporter.go:37.56,38.27 1 0
github.com/donnigundala/dg-core/errors/reporter.go:38.27,40.3 1 0
github.com/donnigundala/dg-core/errors/reporter.go:45.36,47.2 1 0
github.com/donnigundala/dg-core/ctxutil/context.go:19.75,21.2 1 1
github.com/donnigundala/dg-core/ctxutil/context.go:25.58,26.59 1 1
github.com/donnigundala/dg-core/ctxutil/context.go:26.59,28.3 1 1
github.com/donnigundala/dg-core/ctxutil/context.go:29.2,29.23 1 1
github.com/donnigundala/dg-core/ctxutil/context.go:33.68,35.2 1 1
github.com/donnigundala/dg-core/ctxutil/context.go:39.55,40.52 1 1
github.com/donnigundala/dg-core/ctxutil/context.go:40.52,42.3 1 1
github.com/donnigundala/dg-core/ctxutil/context.go:43.2,43.11 1 1
github.com/donnigundala/dg-core/ctxutil/context.go:47.28,49.2 1 1
github.com/donnigundala/dg-core/ctxutil/helpers.go:10.77,11.51 1 1
github.com/donnigundala/dg-core/ctxutil/helpers.go:11.51,12.34 1 1
github.com/donnigundala/dg-core/ctxutil/helpers.go:12.34,14.4 1 1
github.com/donnigundala/dg-core/ctxutil/helpers.go:16.2,16.21 1 1
github.com/donnigundala/dg-core/ctxutil/helpers.go:20.68,21.51 1 1
github.com/donnigundala/dg-core/ctxutil/helpers.go:21.51,22.26 1 1
github.com/donnigundala/dg-core/ctxutil/helpers.go:23.12,24.12 1 1
github.com/donnigundala/dg-core/ctxutil/helpers.go:25.14,26.17 1 1
github.com/donnigundala/dg-core/ctxutil/helpers.go:27.15,28.45 1 1
github.com/donnigundala/dg-core/ctxutil/helpers.go:28.45,30.5 1 1
github.com/donnigundala/dg-core/ctxutil/helpers.go:33.2,33.21 1 1
github.com/donnigundala/dg-core/ctxutil/helpers.go:37.74,38.51 1 1
github.com/donnigundala/dg-core/ctxutil/helpers.go:38.51,39.26 1 1
github.com/donnigundala/dg-core/ctxutil/helpers.go:40.14,41.12 1 1
github.com/donnigundala/dg-core/ctxutil/helpers.go:42.12,43.19 1 1
github.com/donnigundala/dg-core/ctxutil/helpers.go:44.15,45.57 1 1
github.com/donnigundala/dg-core/ctxutil/helpers.go:45.57,47.5 1 1
github.com/donnigundala/dg-core/ctxutil/helpers.go:50.2,50.21 1 0
github.com/donnigundala/dg-core/ctxutil/helpers.go:54.71,55.51 1 1
github.com/donnigundala/dg-core/ctxutil/helpers.go:55.51,56.26 1 1
github.com/donnigundala/dg-core/ctxutil/helpers.go:57.13,58.12 1 1
github.com/donnigundala/dg-core/ctxutil/helpers.go:59.15,60.50 1 1
github.com/donnigundala/dg-core/ctxutil/helpers.go:60.50,62.5 1 1
github.com/donnigundala/dg-core/ctxutil/helpers.go:65.2,65.21 1 0
github.com/donnigundala/dg-core/ctxutil/helpers.go:69.80,70.51 1 1
github.com/donnigundala/dg-core/ctxutil/helpers.go:70.51,71.26 1 1
github.com/donnigundala/dg-core/ctxutil/helpers.go:72.16,73.12 1 1
github.com/donnigundala/dg-core/ctxutil/helpers.go:74.16,75.21 1 1
github.com/donnigundala/dg-core/ctxutil/helpers.go:76.15,77.55 1 1
github.com/donnigundala/dg-core/ctxutil/helpers.go:77.55,79.5 1 1
github.com/donnigundala/dg-core/ctxutil/helpers.go:82.2,82.21 1 0
github.com/donnigundala/dg-core/ctxutil/helpers.go:86.78,88.2 1 1
github.com/donnigundala/dg-core/ctxutil/helpers.go:91.55,93.2 1 1
github.com/donnigundala/dg-core/ctxutil/helpers.go:96.60,97.51 1 1
github.com/donnigundala/dg-core/ctxutil/helpers.go:97.51,98.34 1 1
github.com/donnigundala/dg-core/ctxutil/helpers.go:98.34,100.4 1 1
github.com/donnigundala/dg-core/ctxutil/helpers.go:102.2,102.69 1 1
github.com/donnigundala/dg-core/ctxutil/helpers.go:106.54,107.51 1 1
github.com/donnigundala/dg-core/ctxutil/helpers.go:107.51,108.29 1 1
github.com/donnigundala/dg-core/ctxutil/helpers.go:108.29,110.4 1 1
github.com/donnigundala/dg-core/ctxutil/helpers.go:112.2,112.67 1 1
github.com/donnigundala/dg-core/ctxutil/metadata.go:11.39,13.55 1 1
github.com/donnigundala/dg-core/ctxutil/metadata.go:13.55,15.48 1 1
github.com/donnigundala/dg-core/ctxutil/metadata.go:15.48,17.4 1 1
github.com/donnigundala/dg-core/ctxutil/metadata.go:18.3,18.32 1 1
github.com/donnigundala/dg-core/ctxutil/metadata.go:22.2,22.49 1 1
github.com/donnigundala/dg-core/ctxutil/metadata.go:22.49,24.3 1 1
github.com/donnigundala/dg-core/ctxutil/metadata.go:27.2,28.11 2 1
github.com/donnigundala/dg-core/ctxutil/metadata.go:32.40,34.2 1 1
github.com/donnigundala/dg-core/ctxutil/metadata.go:37.42,39.2 1 1
github.com/donnigundala/dg-core/ctxutil/metadata.go:42.44,44.2 1 1
github.com/donnigundala/dg-core/ctxutil/metadata.go:47.42,49.2 1 1
github.com/donnigundala/dg-core/ctxutil/metadata.go:52.44,53.18 1 1
github.com/donnigundala/dg-core/ctxutil/metadata.go:53.18,55.3 1 1
github.com/donnigundala/dg-core/ctxutil/metadata.go:57.2,57.61 1 1
github.com/donnigundala/dg-core/ctxutil/metadata.go:57.61,59.3 1 1
github.com/donnigundala/dg-core/ctxutil/metadata.go:60.2,60.15 1 1
github.com/donnigundala/dg-core/ctxutil/metadata.go:64.41,67.2 2 1
github.com/donnigundala/dg-core/ctxutil/user.go:11.70,13.2 1 1
github.com/donnigundala/dg-core/ctxutil/user.go:16.55,18.2 1 1
github.com/donnigundala/dg-core/ctxutil/user.go:21.74,23.2 1 1
github.com/donnigundala/dg-core/ctxutil/user.go:26.57,28.2 1 1
