mode: set
github.com/donnigundala/dg-core/http/middleware/bodysize.go:10.68,11.46 1 0
github.com/donnigundala/dg-core/http/middleware/bodysize.go:11.46,12.72 1 0
github.com/donnigundala/dg-core/http/middleware/bodysize.go:12.72,14.97 1 0
github.com/donnigundala/dg-core/http/middleware/bodysize.go:14.97,17.5 1 0
github.com/donnigundala/dg-core/http/middleware/bodysize.go:19.4,19.24 1 0
github.com/donnigundala/dg-core/http/middleware/bodysize.go:25.77,26.46 1 0
github.com/donnigundala/dg-core/http/middleware/bodysize.go:26.46,27.72 1 0
github.com/donnigundala/dg-core/http/middleware/bodysize.go:27.72,29.97 1 0
github.com/donnigundala/dg-core/http/middleware/bodysize.go:29.97,31.35 1 0
github.com/donnigundala/dg-core/http/middleware/bodysize.go:31.35,39.6 3 0
github.com/donnigundala/dg-core/http/middleware/bodysize.go:42.5,42.54 1 0
github.com/donnigundala/dg-core/http/middleware/bodysize.go:45.4,45.24 1 0
github.com/donnigundala/dg-core/http/middleware/compress.go:26.45,37.2 1 0
github.com/donnigundala/dg-core/http/middleware/compress.go:40.70,42.23 1 0
github.com/donnigundala/dg-core/http/middleware/compress.go:42.23,44.3 1 0
github.com/donnigundala/dg-core/http/middleware/compress.go:45.2,45.25 1 0
github.com/donnigundala/dg-core/http/middleware/compress.go:45.25,47.3 1 0
github.com/donnigundala/dg-core/http/middleware/compress.go:48.2,48.35 1 0
github.com/donnigundala/dg-core/http/middleware/compress.go:48.35,55.3 1 0
github.com/donnigundala/dg-core/http/middleware/compress.go:57.2,57.46 1 0
github.com/donnigundala/dg-core/http/middleware/compress.go:57.46,58.72 1 0
github.com/donnigundala/dg-core/http/middleware/compress.go:58.72,60.66 1 0
github.com/donnigundala/dg-core/http/middleware/compress.go:60.66,63.5 2 0
github.com/donnigundala/dg-core/http/middleware/compress.go:66.4,67.18 2 0
github.com/donnigundala/dg-core/http/middleware/compress.go:67.18,70.5 2 0
github.com/donnigundala/dg-core/http/middleware/compress.go:71.4,84.26 5 0
github.com/donnigundala/dg-core/http/middleware/compress.go:90.60,92.2 1 0
github.com/donnigundala/dg-core/http/middleware/compress.go:101.59,106.43 3 0
github.com/donnigundala/dg-core/http/middleware/compress.go:106.43,107.41 1 0
github.com/donnigundala/dg-core/http/middleware/compress.go:107.41,109.9 2 0
github.com/donnigundala/dg-core/http/middleware/compress.go:114.2,114.50 1 0
github.com/donnigundala/dg-core/http/middleware/compress.go:114.50,116.3 1 0
github.com/donnigundala/dg-core/http/middleware/compress.go:119.2,119.26 1 0
github.com/donnigundala/dg-core/http/middleware/cors.go:36.37,45.2 1 1
github.com/donnigundala/dg-core/http/middleware/cors.go:48.62,50.37 1 1
github.com/donnigundala/dg-core/http/middleware/cors.go:50.37,52.3 1 0
github.com/donnigundala/dg-core/http/middleware/cors.go:53.2,53.37 1 1
github.com/donnigundala/dg-core/http/middleware/cors.go:53.37,55.3 1 0
github.com/donnigundala/dg-core/http/middleware/cors.go:56.2,56.37 1 1
github.com/donnigundala/dg-core/http/middleware/cors.go:56.37,58.3 1 0
github.com/donnigundala/dg-core/http/middleware/cors.go:60.2,60.46 1 1
github.com/donnigundala/dg-core/http/middleware/cors.go:60.46,61.72 1 1
github.com/donnigundala/dg-core/http/middleware/cors.go:61.72,65.70 2 1
github.com/donnigundala/dg-core/http/middleware/cors.go:65.70,67.5 1 1
github.com/donnigundala/dg-core/http/middleware/cors.go:67.10,67.81 1 1
github.com/donnigundala/dg-core/http/middleware/cors.go:67.81,69.5 1 0
github.com/donnigundala/dg-core/http/middleware/cors.go:72.4,72.31 1 1
github.com/donnigundala/dg-core/http/middleware/cors.go:72.31,74.5 1 1
github.com/donnigundala/dg-core/http/middleware/cors.go:76.4,76.38 1 1
github.com/donnigundala/dg-core/http/middleware/cors.go:76.38,78.5 1 0
github.com/donnigundala/dg-core/http/middleware/cors.go:81.4,81.38 1 1
github.com/donnigundala/dg-core/http/middleware/cors.go:81.38,85.26 3 1
github.com/donnigundala/dg-core/http/middleware/cors.go:85.26,87.6 1 0
github.com/donnigundala/dg-core/http/middleware/cors.go:89.5,90.11 2 1
github.com/donnigundala/dg-core/http/middleware/cors.go:93.4,93.24 1 1
github.com/donnigundala/dg-core/http/middleware/cors.go:99.56,101.2 1 1
github.com/donnigundala/dg-core/http/middleware/cors.go:104.67,105.41 1 1
github.com/donnigundala/dg-core/http/middleware/cors.go:105.41,106.42 1 1
github.com/donnigundala/dg-core/http/middleware/cors.go:106.42,108.4 1 1
github.com/donnigundala/dg-core/http/middleware/cors.go:110.3,110.39 1 1
github.com/donnigundala/dg-core/http/middleware/cors.go:110.39,112.41 2 0
github.com/donnigundala/dg-core/http/middleware/cors.go:112.41,114.5 1 0
github.com/donnigundala/dg-core/http/middleware/cors.go:117.2,117.14 1 1
github.com/donnigundala/dg-core/http/middleware/logger.go:22.41,32.2 1 1
github.com/donnigundala/dg-core/http/middleware/logger.go:35.66,36.46 1 1
github.com/donnigundala/dg-core/http/middleware/logger.go:36.46,37.72 1 1
github.com/donnigundala/dg-core/http/middleware/logger.go:37.72,39.42 1 1
github.com/donnigundala/dg-core/http/middleware/logger.go:39.42,40.27 1 1
github.com/donnigundala/dg-core/http/middleware/logger.go:40.27,43.6 2 1
github.com/donnigundala/dg-core/http/middleware/logger.go:46.4,59.28 7 1
github.com/donnigundala/dg-core/http/middleware/logger.go:59.28,61.5 1 1
github.com/donnigundala/dg-core/http/middleware/logger.go:63.4,63.24 1 1
github.com/donnigundala/dg-core/http/middleware/logger.go:63.24,65.5 1 1
github.com/donnigundala/dg-core/http/middleware/logger.go:67.4,67.22 1 1
github.com/donnigundala/dg-core/http/middleware/logger.go:67.22,69.18 2 1
github.com/donnigundala/dg-core/http/middleware/logger.go:69.18,71.6 1 1
github.com/donnigundala/dg-core/http/middleware/logger.go:72.5,72.44 1 1
github.com/donnigundala/dg-core/http/middleware/logger.go:75.4,75.26 1 1
github.com/donnigundala/dg-core/http/middleware/logger.go:75.26,77.70 2 1
github.com/donnigundala/dg-core/http/middleware/logger.go:77.70,79.6 1 1
github.com/donnigundala/dg-core/http/middleware/logger.go:79.11,79.65 1 1
github.com/donnigundala/dg-core/http/middleware/logger.go:79.65,81.6 1 0
github.com/donnigundala/dg-core/http/middleware/logger.go:82.5,82.42 1 1
github.com/donnigundala/dg-core/http/middleware/logger.go:85.4,85.25 1 1
github.com/donnigundala/dg-core/http/middleware/logger.go:85.25,88.5 2 1
github.com/donnigundala/dg-core/http/middleware/logger.go:91.4,91.43 1 1
github.com/donnigundala/dg-core/http/middleware/logger.go:97.58,99.2 1 1
github.com/donnigundala/dg-core/http/middleware/logger.go:107.49,110.2 2 1
github.com/donnigundala/dg-core/http/middleware/ratelimit.go:29.47,35.2 1 0
github.com/donnigundala/dg-core/http/middleware/ratelimit.go:38.72,40.35 1 0
github.com/donnigundala/dg-core/http/middleware/ratelimit.go:40.35,42.3 1 0
github.com/donnigundala/dg-core/http/middleware/ratelimit.go:43.2,43.27 1 0
github.com/donnigundala/dg-core/http/middleware/ratelimit.go:43.27,45.3 1 0
github.com/donnigundala/dg-core/http/middleware/ratelimit.go:46.2,46.27 1 0
github.com/donnigundala/dg-core/http/middleware/ratelimit.go:46.27,48.3 1 0
github.com/donnigundala/dg-core/http/middleware/ratelimit.go:51.2,53.46 2 0
github.com/donnigundala/dg-core/http/middleware/ratelimit.go:53.46,54.72 1 0
github.com/donnigundala/dg-core/http/middleware/ratelimit.go:54.72,66.24 4 0
github.com/donnigundala/dg-core/http/middleware/ratelimit.go:66.24,71.5 3 0
github.com/donnigundala/dg-core/http/middleware/ratelimit.go:73.4,73.24 1 0
github.com/donnigundala/dg-core/http/middleware/ratelimit.go:79.61,81.2 1 0
github.com/donnigundala/dg-core/http/middleware/ratelimit.go:84.42,86.55 1 0
github.com/donnigundala/dg-core/http/middleware/ratelimit.go:86.55,88.45 1 0
github.com/donnigundala/dg-core/http/middleware/ratelimit.go:88.45,90.4 1 0
github.com/donnigundala/dg-core/http/middleware/ratelimit.go:94.2,94.49 1 0
github.com/donnigundala/dg-core/http/middleware/ratelimit.go:94.49,96.3 1 0
github.com/donnigundala/dg-core/http/middleware/ratelimit.go:99.2,100.11 2 0
github.com/donnigundala/dg-core/http/middleware/ratelimit.go:104.43,107.38 1 0
github.com/donnigundala/dg-core/http/middleware/ratelimit.go:107.38,108.22 1 0
github.com/donnigundala/dg-core/http/middleware/ratelimit.go:108.22,110.4 1 0
github.com/donnigundala/dg-core/http/middleware/ratelimit.go:112.2,112.12 1 0
github.com/donnigundala/dg-core/http/middleware/recovery.go:13.71,14.46 1 1
github.com/donnigundala/dg-core/http/middleware/recovery.go:14.46,15.72 1 1
github.com/donnigundala/dg-core/http/middleware/recovery.go:15.72,16.17 1 1
github.com/donnigundala/dg-core/http/middleware/recovery.go:16.17,17.37 1 1
github.com/donnigundala/dg-core/http/middleware/recovery.go:17.37,42.6 5 1
github.com/donnigundala/dg-core/http/middleware/recovery.go:45.4,45.24 1 1
github.com/donnigundala/dg-core/http/middleware/recovery.go:51.60,53.2 1 1
github.com/donnigundala/dg-core/http/middleware/security.go:41.45,51.2 1 1
github.com/donnigundala/dg-core/http/middleware/security.go:54.77,56.40 1 1
github.com/donnigundala/dg-core/http/middleware/security.go:56.40,58.3 1 0
github.com/donnigundala/dg-core/http/middleware/security.go:59.2,59.32 1 1
github.com/donnigundala/dg-core/http/middleware/security.go:59.32,61.3 1 0
github.com/donnigundala/dg-core/http/middleware/security.go:62.2,62.38 1 1
github.com/donnigundala/dg-core/http/middleware/security.go:62.38,64.3 1 0
github.com/donnigundala/dg-core/http/middleware/security.go:65.2,65.32 1 1
github.com/donnigundala/dg-core/http/middleware/security.go:65.32,67.3 1 0
github.com/donnigundala/dg-core/http/middleware/security.go:68.2,68.33 1 1
github.com/donnigundala/dg-core/http/middleware/security.go:68.33,70.3 1 0
github.com/donnigundala/dg-core/http/middleware/security.go:72.2,72.46 1 1
github.com/donnigundala/dg-core/http/middleware/security.go:72.46,73.72 1 1
github.com/donnigundala/dg-core/http/middleware/security.go:73.72,75.42 1 1
github.com/donnigundala/dg-core/http/middleware/security.go:75.42,77.5 1 1
github.com/donnigundala/dg-core/http/middleware/security.go:80.4,80.34 1 1
github.com/donnigundala/dg-core/http/middleware/security.go:80.34,82.5 1 1
github.com/donnigundala/dg-core/http/middleware/security.go:85.4,85.40 1 1
github.com/donnigundala/dg-core/http/middleware/security.go:85.40,87.5 1 1
github.com/donnigundala/dg-core/http/middleware/security.go:90.4,90.34 1 1
github.com/donnigundala/dg-core/http/middleware/security.go:90.34,92.5 1 1
github.com/donnigundala/dg-core/http/middleware/security.go:95.4,95.29 1 1
github.com/donnigundala/dg-core/http/middleware/security.go:95.29,97.37 2 1
github.com/donnigundala/dg-core/http/middleware/security.go:97.37,99.6 1 0
github.com/donnigundala/dg-core/http/middleware/security.go:100.5,100.59 1 1
github.com/donnigundala/dg-core/http/middleware/security.go:104.4,104.35 1 1
github.com/donnigundala/dg-core/http/middleware/security.go:104.35,106.5 1 1
github.com/donnigundala/dg-core/http/middleware/security.go:108.4,108.24 1 1
github.com/donnigundala/dg-core/http/middleware/security.go:114.67,116.2 1 1
github.com/donnigundala/dg-core/http/middleware/timeout.go:12.69,13.46 1 0
github.com/donnigundala/dg-core/http/middleware/timeout.go:13.46,14.72 1 0
github.com/donnigundala/dg-core/http/middleware/timeout.go:14.72,23.14 4 0
github.com/donnigundala/dg-core/http/middleware/timeout.go:23.14,26.5 2 0
github.com/donnigundala/dg-core/http/middleware/timeout.go:29.4,29.11 1 0
github.com/donnigundala/dg-core/http/middleware/timeout.go:30.16,32.11 1 0
github.com/donnigundala/dg-core/http/middleware/timeout.go:33.22,39.34 2 0
