mode: set
github.com/donnigundala/dg-core/config/config.go:29.46,34.2 3 1
github.com/donnigundala/dg-core/config/config.go:36.61,37.25 1 1
github.com/donnigundala/dg-core/config/config.go:37.25,39.26 2 1
github.com/donnigundala/dg-core/config/config.go:40.23,42.36 1 1
github.com/donnigundala/dg-core/config/config.go:43.11,44.17 1 1
github.com/donnigundala/dg-core/config/config.go:44.17,46.5 1 0
github.com/donnigundala/dg-core/config/config.go:47.4,50.37 2 1
github.com/donnigundala/dg-core/config/config.go:50.37,52.5 1 1
github.com/donnigundala/dg-core/config/config.go:55.4,56.46 2 1
github.com/donnigundala/dg-core/config/config.go:62.42,64.15 2 1
github.com/donnigundala/dg-core/config/config.go:64.15,66.3 1 1
github.com/donnigundala/dg-core/config/config.go:67.2,67.12 1 1
github.com/donnigundala/dg-core/config/config.go:70.26,84.16 4 1
github.com/donnigundala/dg-core/config/config.go:84.16,86.31 1 1
github.com/donnigundala/dg-core/config/config.go:86.31,88.4 1 1
github.com/donnigundala/dg-core/config/config.go:89.3,89.35 1 1
github.com/donnigundala/dg-core/config/config.go:89.35,91.4 1 0
github.com/donnigundala/dg-core/config/config.go:100.2,105.29 4 1
github.com/donnigundala/dg-core/config/config.go:105.29,106.35 1 1
github.com/donnigundala/dg-core/config/config.go:106.35,110.4 3 0
github.com/donnigundala/dg-core/config/config.go:114.2,114.44 1 1
github.com/donnigundala/dg-core/config/config.go:114.44,115.35 1 1
github.com/donnigundala/dg-core/config/config.go:115.35,116.30 1 0
github.com/donnigundala/dg-core/config/config.go:116.30,120.5 3 0
github.com/donnigundala/dg-core/config/config.go:125.2,125.31 1 1
github.com/donnigundala/dg-core/config/config.go:125.31,126.40 1 1
github.com/donnigundala/dg-core/config/config.go:126.40,127.35 1 0
github.com/donnigundala/dg-core/config/config.go:127.35,131.5 3 0
github.com/donnigundala/dg-core/config/config.go:135.2,135.15 1 1
github.com/donnigundala/dg-core/config/config.go:135.15,137.3 1 0
github.com/donnigundala/dg-core/config/config.go:140.2,140.12 1 1
github.com/donnigundala/dg-core/config/config.go:143.35,144.29 1 1
github.com/donnigundala/dg-core/config/config.go:144.29,145.30 1 1
github.com/donnigundala/dg-core/config/config.go:145.30,147.4 1 1
github.com/donnigundala/dg-core/config/config.go:149.3,149.38 1 0
github.com/donnigundala/dg-core/config/config.go:151.2,151.11 1 1
github.com/donnigundala/dg-core/config/config.go:154.31,155.29 1 1
github.com/donnigundala/dg-core/config/config.go:155.29,156.28 1 1
github.com/donnigundala/dg-core/config/config.go:156.28,158.4 1 1
github.com/donnigundala/dg-core/config/config.go:159.3,159.36 1 0
github.com/donnigundala/dg-core/config/config.go:161.2,161.14 1 1
github.com/donnigundala/dg-core/config/config.go:165.25,170.26 4 1
github.com/donnigundala/dg-core/config/config.go:170.26,172.3 1 1
github.com/donnigundala/dg-core/config/config.go:173.2,173.13 1 1
github.com/donnigundala/dg-core/config/config.go:177.17,187.25 4 0
github.com/donnigundala/dg-core/config/config.go:187.25,190.3 1 0
github.com/donnigundala/dg-core/config/config.go:192.2,192.52 1 0
github.com/donnigundala/dg-core/config/config.go:199.29,201.28 2 1
github.com/donnigundala/dg-core/config/config.go:201.28,202.41 1 1
github.com/donnigundala/dg-core/config/config.go:202.41,205.4 2 1
github.com/donnigundala/dg-core/config/config.go:209.50,210.41 1 0
github.com/donnigundala/dg-core/config/config.go:210.41,212.3 1 0
github.com/donnigundala/dg-core/config/config.go:215.38,221.2 4 1
github.com/donnigundala/dg-core/config/config.go:223.43,225.2 1 1
github.com/donnigundala/dg-core/config/config.go:227.38,227.67 1 1
github.com/donnigundala/dg-core/config/config.go:229.48,229.90 1 1
github.com/donnigundala/dg-core/config/config.go:231.57,234.2 1 1
github.com/donnigundala/dg-core/config/config.go:236.32,236.102 1 0
github.com/donnigundala/dg-core/config/config.go:238.36,238.88 1 0
github.com/donnigundala/dg-core/config/config.go:241.43,241.102 1 0
github.com/donnigundala/dg-core/config/discovery.go:16.31,20.81 4 0
github.com/donnigundala/dg-core/config/discovery.go:20.81,21.17 1 0
github.com/donnigundala/dg-core/config/discovery.go:21.17,23.4 1 0
github.com/donnigundala/dg-core/config/discovery.go:24.3,24.72 1 0
github.com/donnigundala/dg-core/config/discovery.go:24.72,26.4 1 0
github.com/donnigundala/dg-core/config/discovery.go:27.3,27.13 1 0
github.com/donnigundala/dg-core/config/discovery.go:30.2,30.21 1 0
github.com/donnigundala/dg-core/config/discovery.go:30.21,33.3 2 0
github.com/donnigundala/dg-core/config/discovery.go:35.2,35.15 1 0
github.com/donnigundala/dg-core/config/discovery.go:35.15,37.3 1 0
github.com/donnigundala/dg-core/config/discovery.go:41.29,43.28 2 0
github.com/donnigundala/dg-core/config/discovery.go:43.28,44.55 1 0
github.com/donnigundala/dg-core/config/discovery.go:44.55,46.4 1 0
github.com/donnigundala/dg-core/config/discovery.go:48.2,50.26 3 0
github.com/donnigundala/dg-core/config/discovery.go:50.26,52.3 1 0
github.com/donnigundala/dg-core/config/discovery.go:54.2,54.23 1 0
github.com/donnigundala/dg-core/config/discovery.go:58.27,59.14 1 0
github.com/donnigundala/dg-core/config/discovery.go:59.14,61.3 1 0
github.com/donnigundala/dg-core/config/discovery.go:62.2,63.29 2 0
github.com/donnigundala/dg-core/config/discovery.go:63.29,65.3 1 0
github.com/donnigundala/dg-core/config/discovery.go:66.2,66.17 1 0
github.com/donnigundala/dg-core/config/inject.go:14.49,19.29 3 1
github.com/donnigundala/dg-core/config/inject.go:19.29,20.39 1 1
github.com/donnigundala/dg-core/config/inject.go:20.39,22.4 1 1
github.com/donnigundala/dg-core/config/inject.go:26.2,27.16 2 1
github.com/donnigundala/dg-core/config/inject.go:27.16,29.30 2 1
github.com/donnigundala/dg-core/config/inject.go:29.30,31.4 1 1
github.com/donnigundala/dg-core/config/inject.go:36.2,36.24 1 1
github.com/donnigundala/dg-core/config/inject.go:36.24,37.31 1 1
github.com/donnigundala/dg-core/config/inject.go:37.31,39.4 1 1
github.com/donnigundala/dg-core/config/inject.go:43.2,44.33 2 1
github.com/donnigundala/dg-core/config/inject.go:44.33,47.3 2 1
github.com/donnigundala/dg-core/config/inject.go:50.2,63.16 3 1
github.com/donnigundala/dg-core/config/inject.go:63.16,65.3 1 1
github.com/donnigundala/dg-core/config/inject.go:66.2,66.31 1 1
github.com/donnigundala/dg-core/config/inject.go:70.68,72.25 2 1
github.com/donnigundala/dg-core/config/inject.go:72.25,74.26 2 1
github.com/donnigundala/dg-core/config/inject.go:75.23,76.46 1 0
github.com/donnigundala/dg-core/config/inject.go:76.46,78.5 1 0
github.com/donnigundala/dg-core/config/inject.go:79.11,80.17 1 1
github.com/donnigundala/dg-core/config/inject.go:83.2,83.12 1 1
github.com/donnigundala/dg-core/config/inject.go:87.64,90.29 3 1
github.com/donnigundala/dg-core/config/inject.go:90.29,91.24 1 1
github.com/donnigundala/dg-core/config/inject.go:91.24,94.4 2 1
github.com/donnigundala/dg-core/config/inject.go:95.3,95.28 1 1
github.com/donnigundala/dg-core/config/inject.go:95.28,97.4 1 1
github.com/donnigundala/dg-core/config/inject.go:98.3,98.31 1 1
github.com/donnigundala/dg-core/config/inject.go:107.46,109.2 1 1
github.com/donnigundala/dg-core/config/instance.go:22.20,31.2 4 0
github.com/donnigundala/dg-core/config/instance.go:36.46,40.21 3 0
github.com/donnigundala/dg-core/config/instance.go:40.21,42.3 1 0
github.com/donnigundala/dg-core/config/instance.go:44.2,45.29 2 0
github.com/donnigundala/dg-core/config/instance.go:45.29,47.17 2 0
github.com/donnigundala/dg-core/config/instance.go:47.17,49.12 1 0
github.com/donnigundala/dg-core/config/instance.go:52.3,52.30 1 0
github.com/donnigundala/dg-core/config/instance.go:52.30,53.20 1 0
github.com/donnigundala/dg-core/config/instance.go:53.20,54.13 1 0
github.com/donnigundala/dg-core/config/instance.go:57.4,58.83 2 0
github.com/donnigundala/dg-core/config/instance.go:58.83,62.47 3 0
github.com/donnigundala/dg-core/config/instance.go:62.47,64.6 1 0
github.com/donnigundala/dg-core/config/instance.go:65.5,66.18 2 0
github.com/donnigundala/dg-core/config/instance.go:71.2,71.22 1 0
github.com/donnigundala/dg-core/config/instance.go:71.22,73.3 1 0
github.com/donnigundala/dg-core/config/instance.go:75.2,75.12 1 0
github.com/donnigundala/dg-core/config/instance.go:79.38,83.2 3 0
github.com/donnigundala/dg-core/config/instance.go:86.47,90.2 3 0
github.com/donnigundala/dg-core/config/instance.go:93.41,97.2 3 0
github.com/donnigundala/dg-core/config/instance.go:100.43,104.2 3 0
github.com/donnigundala/dg-core/config/instance.go:107.41,111.2 3 0
github.com/donnigundala/dg-core/config/instance.go:115.55,119.24 3 0
github.com/donnigundala/dg-core/config/instance.go:119.24,121.3 1 0
github.com/donnigundala/dg-core/config/instance.go:123.2,123.54 1 0
github.com/donnigundala/dg-core/config/instance.go:123.54,125.3 1 0
github.com/donnigundala/dg-core/config/instance.go:126.2,126.12 1 0
github.com/donnigundala/dg-core/config/loader.go:18.19,22.2 2 0
github.com/donnigundala/dg-core/config/loader.go:28.43,30.63 1 1
github.com/donnigundala/dg-core/config/loader.go:30.63,32.3 1 0
github.com/donnigundala/dg-core/config/loader.go:35.2,40.29 4 1
github.com/donnigundala/dg-core/config/loader.go:40.29,42.17 2 1
github.com/donnigundala/dg-core/config/loader.go:42.17,44.12 1 0
github.com/donnigundala/dg-core/config/loader.go:47.3,47.30 1 1
github.com/donnigundala/dg-core/config/loader.go:47.30,48.20 1 1
github.com/donnigundala/dg-core/config/loader.go:48.20,49.13 1 0
github.com/donnigundala/dg-core/config/loader.go:52.4,53.83 2 1
github.com/donnigundala/dg-core/config/loader.go:53.83,58.57 3 1
github.com/donnigundala/dg-core/config/loader.go:58.57,62.6 1 0
github.com/donnigundala/dg-core/config/loader.go:63.5,64.18 2 1
github.com/donnigundala/dg-core/config/loader.go:69.2,69.22 1 1
github.com/donnigundala/dg-core/config/loader.go:69.22,71.3 1 0
github.com/donnigundala/dg-core/config/loader.go:73.2,73.12 1 1
